{"/home/inyenyeri/Downloads/JavaScript/andela-dev-challange/spec/helpers/jasmine_examples/SpecHelper.js":{"path":"/home/inyenyeri/Downloads/JavaScript/andela-dev-challange/spec/helpers/jasmine_examples/SpecHelper.js","s":{"1":1,"2":10,"3":2,"4":2,"5":2},"b":{"1":[2,2]},"f":{"1":10,"2":2,"3":2},"fnMap":{"1":{"name":"(anonymous_1)","line":1,"loc":{"start":{"line":1,"column":11},"end":{"line":1,"column":23}}},"2":{"name":"(anonymous_2)","line":3,"loc":{"start":{"line":3,"column":17},"end":{"line":3,"column":29}}},"3":{"name":"(anonymous_3)","line":5,"loc":{"start":{"line":5,"column":17},"end":{"line":5,"column":45}}}},"statementMap":{"1":{"start":{"line":1,"column":0},"end":{"line":15,"column":3}},"2":{"start":{"line":2,"column":2},"end":{"line":14,"column":5}},"3":{"start":{"line":4,"column":6},"end":{"line":12,"column":8}},"4":{"start":{"line":6,"column":10},"end":{"line":6,"column":30}},"5":{"start":{"line":8,"column":10},"end":{"line":10,"column":11}}},"branchMap":{"1":{"line":9,"type":"binary-expr","locations":[{"start":{"line":9,"column":18},"end":{"line":9,"column":58}},{"start":{"line":9,"column":62},"end":{"line":9,"column":78}}]}}},"/home/inyenyeri/Downloads/JavaScript/andela-dev-challange/spec/jasmine_examples/PlayerSpec.js":{"path":"/home/inyenyeri/Downloads/JavaScript/andela-dev-challange/spec/jasmine_examples/PlayerSpec.js","s":{"1":1,"2":1,"3":1,"4":1,"5":1,"6":1,"7":5,"8":5,"9":1,"10":1,"11":1,"12":1,"13":1,"14":1,"15":2,"16":2,"17":1,"18":1,"19":1,"20":1,"21":1,"22":1,"23":1,"24":1,"25":1,"26":1,"27":1,"28":1,"29":1,"30":1,"31":1,"32":1,"33":1},"b":{},"f":{"1":1,"2":5,"3":1,"4":1,"5":2,"6":1,"7":1,"8":1,"9":1,"10":1,"11":1},"fnMap":{"1":{"name":"(anonymous_1)","line":1,"loc":{"start":{"line":1,"column":19},"end":{"line":1,"column":30}}},"2":{"name":"(anonymous_2)","line":7,"loc":{"start":{"line":7,"column":13},"end":{"line":7,"column":24}}},"3":{"name":"(anonymous_3)","line":12,"loc":{"start":{"line":12,"column":38},"end":{"line":12,"column":49}}},"4":{"name":"(anonymous_4)","line":20,"loc":{"start":{"line":20,"column":40},"end":{"line":20,"column":51}}},"5":{"name":"(anonymous_5)","line":21,"loc":{"start":{"line":21,"column":15},"end":{"line":21,"column":26}}},"6":{"name":"(anonymous_6)","line":26,"loc":{"start":{"line":26,"column":60},"end":{"line":26,"column":71}}},"7":{"name":"(anonymous_7)","line":33,"loc":{"start":{"line":33,"column":39},"end":{"line":33,"column":50}}},"8":{"name":"(anonymous_8)","line":41,"loc":{"start":{"line":41,"column":66},"end":{"line":41,"column":77}}},"9":{"name":"(anonymous_9)","line":51,"loc":{"start":{"line":51,"column":22},"end":{"line":51,"column":33}}},"10":{"name":"(anonymous_10)","line":52,"loc":{"start":{"line":52,"column":63},"end":{"line":52,"column":74}}},"11":{"name":"(anonymous_11)","line":55,"loc":{"start":{"line":55,"column":13},"end":{"line":55,"column":24}}}},"statementMap":{"1":{"start":{"line":1,"column":0},"end":{"line":60,"column":3}},"2":{"start":{"line":2,"column":2},"end":{"line":2,"column":60}},"3":{"start":{"line":3,"column":2},"end":{"line":3,"column":56}},"4":{"start":{"line":4,"column":2},"end":{"line":4,"column":13}},"5":{"start":{"line":5,"column":2},"end":{"line":5,"column":11}},"6":{"start":{"line":7,"column":2},"end":{"line":10,"column":5}},"7":{"start":{"line":8,"column":4},"end":{"line":8,"column":26}},"8":{"start":{"line":9,"column":4},"end":{"line":9,"column":22}},"9":{"start":{"line":12,"column":2},"end":{"line":18,"column":5}},"10":{"start":{"line":13,"column":4},"end":{"line":13,"column":22}},"11":{"start":{"line":14,"column":4},"end":{"line":14,"column":54}},"12":{"start":{"line":17,"column":4},"end":{"line":17,"column":37}},"13":{"start":{"line":20,"column":2},"end":{"line":38,"column":5}},"14":{"start":{"line":21,"column":4},"end":{"line":24,"column":7}},"15":{"start":{"line":22,"column":6},"end":{"line":22,"column":24}},"16":{"start":{"line":23,"column":6},"end":{"line":23,"column":21}},"17":{"start":{"line":26,"column":4},"end":{"line":31,"column":7}},"18":{"start":{"line":27,"column":6},"end":{"line":27,"column":43}},"19":{"start":{"line":30,"column":6},"end":{"line":30,"column":43}},"20":{"start":{"line":33,"column":4},"end":{"line":37,"column":7}},"21":{"start":{"line":34,"column":6},"end":{"line":34,"column":22}},"22":{"start":{"line":35,"column":6},"end":{"line":35,"column":44}},"23":{"start":{"line":36,"column":6},"end":{"line":36,"column":56}},"24":{"start":{"line":41,"column":2},"end":{"line":48,"column":5}},"25":{"start":{"line":42,"column":4},"end":{"line":42,"column":41}},"26":{"start":{"line":44,"column":4},"end":{"line":44,"column":22}},"27":{"start":{"line":45,"column":4},"end":{"line":45,"column":26}},"28":{"start":{"line":47,"column":4},"end":{"line":47,"column":66}},"29":{"start":{"line":51,"column":2},"end":{"line":59,"column":5}},"30":{"start":{"line":52,"column":4},"end":{"line":58,"column":7}},"31":{"start":{"line":53,"column":6},"end":{"line":53,"column":24}},"32":{"start":{"line":55,"column":6},"end":{"line":57,"column":49}},"33":{"start":{"line":56,"column":8},"end":{"line":56,"column":24}}},"branchMap":{}},"/home/inyenyeri/Downloads/JavaScript/andela-dev-challange/lib/jasmine_examples/Player.js":{"path":"/home/inyenyeri/Downloads/JavaScript/andela-dev-challange/lib/jasmine_examples/Player.js","s":{"1":1,"2":1,"3":5,"4":5,"5":1,"6":2,"7":1,"8":2,"9":1,"10":1,"11":1,"12":1,"13":1},"b":{"1":[1,1]},"f":{"1":5,"2":5,"3":2,"4":2,"5":1},"fnMap":{"1":{"name":"Player","line":1,"loc":{"start":{"line":1,"column":0},"end":{"line":1,"column":18}}},"2":{"name":"(anonymous_2)","line":3,"loc":{"start":{"line":3,"column":24},"end":{"line":3,"column":39}}},"3":{"name":"(anonymous_3)","line":8,"loc":{"start":{"line":8,"column":25},"end":{"line":8,"column":36}}},"4":{"name":"(anonymous_4)","line":12,"loc":{"start":{"line":12,"column":26},"end":{"line":12,"column":37}}},"5":{"name":"(anonymous_5)","line":20,"loc":{"start":{"line":20,"column":32},"end":{"line":20,"column":43}}}},"statementMap":{"1":{"start":{"line":1,"column":0},"end":{"line":2,"column":1}},"2":{"start":{"line":3,"column":0},"end":{"line":6,"column":2}},"3":{"start":{"line":4,"column":2},"end":{"line":4,"column":35}},"4":{"start":{"line":5,"column":2},"end":{"line":5,"column":24}},"5":{"start":{"line":8,"column":0},"end":{"line":10,"column":2}},"6":{"start":{"line":9,"column":2},"end":{"line":9,"column":25}},"7":{"start":{"line":12,"column":0},"end":{"line":18,"column":2}},"8":{"start":{"line":13,"column":2},"end":{"line":15,"column":3}},"9":{"start":{"line":14,"column":4},"end":{"line":14,"column":47}},"10":{"start":{"line":17,"column":2},"end":{"line":17,"column":24}},"11":{"start":{"line":20,"column":0},"end":{"line":22,"column":2}},"12":{"start":{"line":21,"column":2},"end":{"line":21,"column":56}},"13":{"start":{"line":24,"column":0},"end":{"line":24,"column":24}}},"branchMap":{"1":{"line":13,"type":"if","locations":[{"start":{"line":13,"column":2},"end":{"line":13,"column":2}},{"start":{"line":13,"column":2},"end":{"line":13,"column":2}}]}}},"/home/inyenyeri/Downloads/JavaScript/andela-dev-challange/lib/jasmine_examples/Song.js":{"path":"/home/inyenyeri/Downloads/JavaScript/andela-dev-challange/lib/jasmine_examples/Song.js","s":{"1":1,"2":1,"3":0,"4":1},"b":{},"f":{"1":5,"2":0},"fnMap":{"1":{"name":"Song","line":1,"loc":{"start":{"line":1,"column":0},"end":{"line":1,"column":16}}},"2":{"name":"(anonymous_2)","line":4,"loc":{"start":{"line":4,"column":39},"end":{"line":4,"column":55}}}},"statementMap":{"1":{"start":{"line":1,"column":0},"end":{"line":2,"column":1}},"2":{"start":{"line":4,"column":0},"end":{"line":7,"column":2}},"3":{"start":{"line":6,"column":2},"end":{"line":6,"column":41}},"4":{"start":{"line":9,"column":0},"end":{"line":9,"column":22}}},"branchMap":{}},"/home/inyenyeri/Downloads/JavaScript/andela-dev-challange/spec/server-spec.js":{"path":"/home/inyenyeri/Downloads/JavaScript/andela-dev-challange/spec/server-spec.js","s":{"1":1,"2":1,"3":1,"4":1,"5":1,"6":1,"7":1,"8":1,"9":1,"10":1,"11":1,"12":1,"13":1,"14":1,"15":1,"16":1,"17":1,"18":1,"19":1,"20":1,"21":1,"22":1,"23":1,"24":1,"25":1},"b":{},"f":{},"fnMap":{},"statementMap":{"1":{"start":{"line":2,"column":0},"end":{"line":2,"column":35}},"2":{"start":{"line":4,"column":0},"end":{"line":4,"column":63}},"3":{"start":{"line":7,"column":0},"end":{"line":51,"column":3}},"4":{"start":{"line":8,"column":2},"end":{"line":13,"column":11}},"5":{"start":{"line":9,"column":4},"end":{"line":12,"column":7}},"6":{"start":{"line":10,"column":6},"end":{"line":10,"column":59}},"7":{"start":{"line":11,"column":6},"end":{"line":11,"column":13}},"8":{"start":{"line":14,"column":2},"end":{"line":19,"column":11}},"9":{"start":{"line":15,"column":4},"end":{"line":18,"column":7}},"10":{"start":{"line":16,"column":6},"end":{"line":16,"column":47}},"11":{"start":{"line":17,"column":6},"end":{"line":17,"column":13}},"12":{"start":{"line":20,"column":2},"end":{"line":26,"column":11}},"13":{"start":{"line":21,"column":4},"end":{"line":21,"column":23}},"14":{"start":{"line":22,"column":4},"end":{"line":25,"column":7}},"15":{"start":{"line":23,"column":6},"end":{"line":23,"column":47}},"16":{"start":{"line":24,"column":6},"end":{"line":24,"column":13}},"17":{"start":{"line":28,"column":2},"end":{"line":28,"column":29}},"18":{"start":{"line":29,"column":2},"end":{"line":34,"column":11}},"19":{"start":{"line":30,"column":4},"end":{"line":33,"column":7}},"20":{"start":{"line":31,"column":6},"end":{"line":31,"column":47}},"21":{"start":{"line":32,"column":6},"end":{"line":32,"column":13}},"22":{"start":{"line":35,"column":2},"end":{"line":50,"column":11}},"23":{"start":{"line":36,"column":4},"end":{"line":49,"column":7}},"24":{"start":{"line":47,"column":6},"end":{"line":47,"column":47}},"25":{"start":{"line":48,"column":6},"end":{"line":48,"column":13}}},"branchMap":{}}}